# JRE version: Java(TM) SE Runtime Environment (8.0_111-b14) (build 1.8.0_111-b14)
# Java VM: Java HotSpot(TM) Client VM (25.111-b14 mixed mode windows-x86 )
Heap:
 def new generation   total 39424K, used 6396K [0x04e00000, 0x078c0000, 0x0f8a0000)
  eden space 35072K,  18% used [0x04e00000, 0x0543ebe0, 0x07040000)
  from space 4352K,   0% used [0x07040000, 0x07040450, 0x07480000)
  to   space 4352K,   0% used [0x07480000, 0x07480000, 0x078c0000)
 tenured generation   total 87424K, used 51874K [0x0f8a0000, 0x14e00000, 0x24e00000)
   the space 87424K,  59% used [0x0f8a0000, 0x12b48a10, 0x12b48c00, 0x14e00000)
 Metaspace       used 18895K, capacity 19372K, committed 19456K, reserved 19840K
GC Heap History (10 events):
Event: 95904.912 GC heap before
{Heap before GC invocations=20 (full 1):
 def new generation   total 39424K, used 38910K [0x04e00000, 0x078c0000, 0x0f8a0000)
  eden space 35072K, 100% used [0x04e00000, 0x07040000, 0x07040000)
  from space 4352K,  88% used [0x07480000, 0x0783fb00, 0x078c0000)
  to   space 4352K,   0% used [0x07040000, 0x07040000, 0x07480000)
 tenured generation   total 87424K, used 48037K [0x0f8a0000, 0x14e00000, 0x24e00000)
   the space 87424K,  54% used [0x0f8a0000, 0x12789760, 0x12789800, 0x14e00000)
 Metaspace       used 18885K, capacity 19340K, committed 19456K, reserved 19840K
Event: 95904.915 GC heap after
Heap after GC invocations=21 (full 1):
 def new generation   total 39424K, used 1K [0x04e00000, 0x078c0000, 0x0f8a0000)
  eden space 35072K,   0% used [0x04e00000, 0x04e00000, 0x07040000)
  from space 4352K,   0% used [0x07040000, 0x070406f8, 0x07480000)
  to   space 4352K,   0% used [0x07480000, 0x07480000, 0x078c0000)
 tenured generation   total 87424K, used 51874K [0x0f8a0000, 0x14e00000, 0x24e00000)
   the space 87424K,  59% used [0x0f8a0000, 0x12b48a10, 0x12b48c00, 0x14e00000)
 Metaspace       used 18885K, capacity 19340K, committed 19456K, reserved 19840K
}
Event: 96803.709 GC heap before
{Heap before GC invocations=21 (full 1):
 def new generation   total 39424K, used 35073K [0x04e00000, 0x078c0000, 0x0f8a0000)
  eden space 35072K, 100% used [0x04e00000, 0x07040000, 0x07040000)
  from space 4352K,   0% used [0x07040000, 0x070406f8, 0x07480000)
  to   space 4352K,   0% used [0x07480000, 0x07480000, 0x078c0000)
 tenured generation   total 87424K, used 51874K [0x0f8a0000, 0x14e00000, 0x24e00000)
   the space 87424K,  59% used [0x0f8a0000, 0x12b48a10, 0x12b48c00, 0x14e00000)
 Metaspace       used 18885K, capacity 19340K, committed 19456K, reserved 19840K
Event: 96803.710 GC heap after
Heap after GC invocations=22 (full 1):
 def new generation   total 39424K, used 1K [0x04e00000, 0x078c0000, 0x0f8a0000)
  eden space 35072K,   0% used [0x04e00000, 0x04e00000, 0x07040000)
  from space 4352K,   0% used [0x07480000, 0x074805d8, 0x078c0000)
  to   space 4352K,   0% used [0x07040000, 0x07040000, 0x07480000)
 tenured generation   total 87424K, used 51874K [0x0f8a0000, 0x14e00000, 0x24e00000)
   the space 87424K,  59% used [0x0f8a0000, 0x12b48a10, 0x12b48c00, 0x14e00000)
 Metaspace       used 18885K, capacity 19340K, committed 19456K, reserved 19840K
}
Event: 97896.145 GC heap before
{Heap before GC invocations=22 (full 1):
 def new generation   total 39424K, used 35073K [0x04e00000, 0x078c0000, 0x0f8a0000)
  eden space 35072K, 100% used [0x04e00000, 0x07040000, 0x07040000)
  from space 4352K,   0% used [0x07480000, 0x074805d8, 0x078c0000)
  to   space 4352K,   0% used [0x07040000, 0x07040000, 0x07480000)
 tenured generation   total 87424K, used 51874K [0x0f8a0000, 0x14e00000, 0x24e00000)
   the space 87424K,  59% used [0x0f8a0000, 0x12b48a10, 0x12b48c00, 0x14e00000)
 Metaspace       used 18885K, capacity 19340K, committed 19456K, reserved 19840K
Event: 97896.147 GC heap after
Heap after GC invocations=23 (full 1):
 def new generation   total 39424K, used 0K [0x04e00000, 0x078c0000, 0x0f8a0000)
  eden space 35072K,   0% used [0x04e00000, 0x04e00000, 0x07040000)
  from space 4352K,   0% used [0x07040000, 0x070403e8, 0x07480000)
  to   space 4352K,   0% used [0x07480000, 0x07480000, 0x078c0000)
 tenured generation   total 87424K, used 51874K [0x0f8a0000, 0x14e00000, 0x24e00000)
   the space 87424K,  59% used [0x0f8a0000, 0x12b48a10, 0x12b48c00, 0x14e00000)
 Metaspace       used 18885K, capacity 19340K, committed 19456K, reserved 19840K
}
Event: 99341.893 GC heap before
{Heap before GC invocations=23 (full 1):
 def new generation   total 39424K, used 35072K [0x04e00000, 0x078c0000, 0x0f8a0000)
  eden space 35072K, 100% used [0x04e00000, 0x07040000, 0x07040000)
  from space 4352K,   0% used [0x07040000, 0x070403e8, 0x07480000)
  to   space 4352K,   0% used [0x07480000, 0x07480000, 0x078c0000)
 tenured generation   total 87424K, used 51874K [0x0f8a0000, 0x14e00000, 0x24e00000)
   the space 87424K,  59% used [0x0f8a0000, 0x12b48a10, 0x12b48c00, 0x14e00000)
 Metaspace       used 18885K, capacity 19340K, committed 19456K, reserved 19840K
Event: 99341.895 GC heap after
Heap after GC invocations=24 (full 1):
 def new generation   total 39424K, used 3K [0x04e00000, 0x078c0000, 0x0f8a0000)
  eden space 35072K,   0% used [0x04e00000, 0x04e00000, 0x07040000)
  from space 4352K,   0% used [0x07480000, 0x07480d40, 0x078c0000)
  to   space 4352K,   0% used [0x07040000, 0x07040000, 0x07480000)
 tenured generation   total 87424K, used 51874K [0x0f8a0000, 0x14e00000, 0x24e00000)
   the space 87424K,  59% used [0x0f8a0000, 0x12b48a10, 0x12b48c00, 0x14e00000)
 Metaspace       used 18885K, capacity 19340K, committed 19456K, reserved 19840K
}
Event: 100790.448 GC heap before
{Heap before GC invocations=24 (full 1):
 def new generation   total 39424K, used 35075K [0x04e00000, 0x078c0000, 0x0f8a0000)
  eden space 35072K, 100% used [0x04e00000, 0x07040000, 0x07040000)
  from space 4352K,   0% used [0x07480000, 0x07480d40, 0x078c0000)
  to   space 4352K,   0% used [0x07040000, 0x07040000, 0x07480000)
 tenured generation   total 87424K, used 51874K [0x0f8a0000, 0x14e00000, 0x24e00000)
   the space 87424K,  59% used [0x0f8a0000, 0x12b48a10, 0x12b48c00, 0x14e00000)
 Metaspace       used 18885K, capacity 19340K, committed 19456K, reserved 19840K
Event: 100790.450 GC heap after
Heap after GC invocations=25 (full 1):
 def new generation   total 39424K, used 1K [0x04e00000, 0x078c0000, 0x0f8a0000)
  eden space 35072K,   0% used [0x04e00000, 0x04e00000, 0x07040000)
  from space 4352K,   0% used [0x07040000, 0x07040450, 0x07480000)
  to   space 4352K,   0% used [0x07480000, 0x07480000, 0x078c0000)
 tenured generation   total 87424K, used 51874K [0x0f8a0000, 0x14e00000, 0x24e00000)
   the space 87424K,  59% used [0x0f8a0000, 0x12b48a10, 0x12b48c00, 0x14e00000)
 Metaspace       used 18885K, capacity 19340K, committed 19456K, reserved 19840K
}

